# JRE version: Java(TM) SE Runtime Environment (8.0_121-b13) (build 1.8.0_121-b13)
# Java VM: Java HotSpot(TM) 64-Bit Server VM (25.121-b13 mixed mode linux-amd64 compressed oops)
Heap:
 PSYoungGen      total 413696K, used 255946K [0x0000000782580000, 0x00000007aeb00000, 0x00000007c0000000)
  eden space 355328K, 72% used [0x0000000782580000,0x0000000791f72888,0x0000000798080000)
  from space 58368K, 0% used [0x0000000798080000,0x0000000798080000,0x000000079b980000)
  to   space 57344K, 0% used [0x00000007ab300000,0x00000007ab300000,0x00000007aeb00000)
 ParOldGen       total 153088K, used 22885K [0x0000000707000000, 0x0000000710580000, 0x0000000782580000)
  object space 153088K, 14% used [0x0000000707000000,0x0000000708659670,0x0000000710580000)
 Metaspace       used 36102K, capacity 37048K, committed 37248K, reserved 1081344K
  class space    used 4501K, capacity 4702K, committed 4736K, reserved 1048576K
GC Heap History (10 events):
Event: 6,747 GC heap before
{Heap before GC invocations=5 (full 0):
 PSYoungGen      total 200192K, used 199675K [0x0000000782580000, 0x000000078f080000, 0x00000007c0000000)
  eden space 192512K, 99% used [0x0000000782580000,0x000000078e102e08,0x000000078e180000)
  from space 7680K, 99% used [0x000000078e900000,0x000000078f07c060,0x000000078f080000)
  to   space 7680K, 0% used [0x000000078e180000,0x000000078e180000,0x000000078e900000)
 ParOldGen       total 126976K, used 37748K [0x0000000707000000, 0x000000070ec00000, 0x0000000782580000)
  object space 126976K, 29% used [0x0000000707000000,0x00000007094dd3d0,0x000000070ec00000)
 Metaspace       used 15545K, capacity 15790K, committed 16000K, reserved 1062912K
  class space    used 1784K, capacity 1891K, committed 1920K, reserved 1048576K
Event: 6,818 GC heap after
Heap after GC invocations=5 (full 0):
 PSYoungGen      total 200192K, used 7677K [0x0000000782580000, 0x00000007a1a80000, 0x00000007c0000000)
  eden space 192512K, 0% used [0x0000000782580000,0x0000000782580000,0x000000078e180000)
  from space 7680K, 99% used [0x000000078e180000,0x000000078e8ff488,0x000000078e900000)
  to   space 64000K, 0% used [0x000000079dc00000,0x000000079dc00000,0x00000007a1a80000)
 ParOldGen       total 126976K, used 91270K [0x0000000707000000, 0x000000070ec00000, 0x0000000782580000)
  object space 126976K, 71% used [0x0000000707000000,0x000000070c921a50,0x000000070ec00000)
 Metaspace       used 15545K, capacity 15790K, committed 16000K, reserved 1062912K
  class space    used 1784K, capacity 1891K, committed 1920K, reserved 1048576K
}
Event: 6,818 GC heap before
{Heap before GC invocations=6 (full 1):
 PSYoungGen      total 200192K, used 7677K [0x0000000782580000, 0x00000007a1a80000, 0x00000007c0000000)
  eden space 192512K, 0% used [0x0000000782580000,0x0000000782580000,0x000000078e180000)
  from space 7680K, 99% used [0x000000078e180000,0x000000078e8ff488,0x000000078e900000)
  to   space 64000K, 0% used [0x000000079dc00000,0x000000079dc00000,0x00000007a1a80000)
 ParOldGen       total 126976K, used 91270K [0x0000000707000000, 0x000000070ec00000, 0x0000000782580000)
  object space 126976K, 71% used [0x0000000707000000,0x000000070c921a50,0x000000070ec00000)
 Metaspace       used 15545K, capacity 15790K, committed 16000K, reserved 1062912K
  class space    used 1784K, capacity 1891K, committed 1920K, reserved 1048576K
Event: 6,920 GC heap after
Heap after GC invocations=6 (full 1):
 PSYoungGen      total 200192K, used 0K [0x0000000782580000, 0x00000007a1a80000, 0x00000007c0000000)
  eden space 192512K, 0% used [0x0000000782580000,0x0000000782580000,0x000000078e180000)
  from space 7680K, 0% used [0x000000078e180000,0x000000078e180000,0x000000078e900000)
  to   space 64000K, 0% used [0x000000079dc00000,0x000000079dc00000,0x00000007a1a80000)
 ParOldGen       total 181248K, used 66718K [0x0000000707000000, 0x0000000712100000, 0x0000000782580000)
  object space 181248K, 36% used [0x0000000707000000,0x000000070b127a28,0x0000000712100000)
 Metaspace       used 15545K, capacity 15790K, committed 16000K, reserved 1062912K
  class space    used 1784K, capacity 1891K, committed 1920K, reserved 1048576K
}
Event: 8,966 GC heap before
{Heap before GC invocations=7 (full 1):
 PSYoungGen      total 200192K, used 189500K [0x0000000782580000, 0x00000007a1a80000, 0x00000007c0000000)
  eden space 192512K, 98% used [0x0000000782580000,0x000000078de8f128,0x000000078e180000)
  from space 7680K, 0% used [0x000000078e180000,0x000000078e180000,0x000000078e900000)
  to   space 64000K, 0% used [0x000000079dc00000,0x000000079dc00000,0x00000007a1a80000)
 ParOldGen       total 181248K, used 66718K [0x0000000707000000, 0x0000000712100000, 0x0000000782580000)
  object space 181248K, 36% used [0x0000000707000000,0x000000070b127a28,0x0000000712100000)
 Metaspace       used 24492K, capacity 24978K, committed 25216K, reserved 1071104K
  class space    used 2995K, capacity 3109K, committed 3200K, reserved 1048576K
Event: 9,133 GC heap after
Heap after GC invocations=7 (full 1):
 PSYoungGen      total 365056K, used 22949K [0x0000000782580000, 0x000000079f280000, 0x00000007c0000000)
  eden space 342016K, 0% used [0x0000000782580000,0x0000000782580000,0x0000000797380000)
  from space 23040K, 99% used [0x000000079dc00000,0x000000079f269670,0x000000079f280000)
  to   space 58368K, 0% used [0x0000000798080000,0x0000000798080000,0x000000079b980000)
 ParOldGen       total 181248K, used 66726K [0x0000000707000000, 0x0000000712100000, 0x0000000782580000)
  object space 181248K, 36% used [0x0000000707000000,0x000000070b129a28,0x0000000712100000)
 Metaspace       used 24492K, capacity 24978K, committed 25216K, reserved 1071104K
  class space    used 2995K, capacity 3109K, committed 3200K, reserved 1048576K
}
Event: 9,493 GC heap before
{Heap before GC invocations=8 (full 1):
 PSYoungGen      total 365056K, used 55907K [0x0000000782580000, 0x000000079f280000, 0x00000007c0000000)
  eden space 342016K, 9% used [0x0000000782580000,0x00000007845af670,0x0000000797380000)
  from space 23040K, 99% used [0x000000079dc00000,0x000000079f269670,0x000000079f280000)
  to   space 58368K, 0% used [0x0000000798080000,0x0000000798080000,0x000000079b980000)
 ParOldGen       total 181248K, used 66726K [0x0000000707000000, 0x0000000712100000, 0x0000000782580000)
  object space 181248K, 36% used [0x0000000707000000,0x000000070b129a28,0x0000000712100000)
 Metaspace       used 25997K, capacity 26554K, committed 26668K, reserved 1073152K
  class space    used 3179K, capacity 3309K, committed 3328K, reserved 1048576K
Event: 9,519 GC heap after
Heap after GC invocations=8 (full 1):
 PSYoungGen      total 413696K, used 10455K [0x0000000782580000, 0x00000007aeb00000, 0x00000007c0000000)
  eden space 355328K, 0% used [0x0000000782580000,0x0000000782580000,0x0000000798080000)
  from space 58368K, 17% used [0x0000000798080000,0x0000000798ab5fc8,0x000000079b980000)
  to   space 57344K, 0% used [0x00000007ab300000,0x00000007ab300000,0x00000007aeb00000)
 ParOldGen       total 181248K, used 66734K [0x0000000707000000, 0x0000000712100000, 0x0000000782580000)
  object space 181248K, 36% used [0x0000000707000000,0x000000070b12ba28,0x0000000712100000)
 Metaspace       used 25997K, capacity 26554K, committed 26668K, reserved 1073152K
  class space    used 3179K, capacity 3309K, committed 3328K, reserved 1048576K
}
Event: 9,519 GC heap before
{Heap before GC invocations=9 (full 2):
 PSYoungGen      total 413696K, used 10455K [0x0000000782580000, 0x00000007aeb00000, 0x00000007c0000000)
  eden space 355328K, 0% used [0x0000000782580000,0x0000000782580000,0x0000000798080000)
  from space 58368K, 17% used [0x0000000798080000,0x0000000798ab5fc8,0x000000079b980000)
  to   space 57344K, 0% used [0x00000007ab300000,0x00000007ab300000,0x00000007aeb00000)
 ParOldGen       total 181248K, used 66734K [0x0000000707000000, 0x0000000712100000, 0x0000000782580000)
  object space 181248K, 36% used [0x0000000707000000,0x000000070b12ba28,0x0000000712100000)
 Metaspace       used 25997K, capacity 26554K, committed 26668K, reserved 1073152K
  class space    used 3179K, capacity 3309K, committed 3328K, reserved 1048576K
Event: 9,609 GC heap after
Heap after GC invocations=9 (full 2):
 PSYoungGen      total 413696K, used 0K [0x0000000782580000, 0x00000007aeb00000, 0x00000007c0000000)
  eden space 355328K, 0% used [0x0000000782580000,0x0000000782580000,0x0000000798080000)
  from space 58368K, 0% used [0x0000000798080000,0x0000000798080000,0x000000079b980000)
  to   space 57344K, 0% used [0x00000007ab300000,0x00000007ab300000,0x00000007aeb00000)
 ParOldGen       total 153088K, used 22885K [0x0000000707000000, 0x0000000710580000, 0x0000000782580000)
  object space 153088K, 14% used [0x0000000707000000,0x0000000708659670,0x0000000710580000)
 Metaspace       used 25997K, capacity 26554K, committed 26668K, reserved 1073152K
  class space    used 3179K, capacity 3309K, committed 3328K, reserved 1048576K
}

